<?xml version="1.0" encoding="UTF-8"?>
<!-- Generated by org.testng.reporters.JUnitReportReporter -->
<testsuite hostname="DESKTOP-P2BVMSV" failures="0" tests="1" name="tests.SelectTest" time="5.665" errors="0" timestamp="2024-05-22T21:15:58 BDT" skipped="0">
  <testcase classname="tests.SelectTest" name="SelectPage" time="5.665"/>
  <system-out/>
</testsuite> <!-- tests.SelectTest -->
