<?xml version="1.0" encoding="UTF-8"?>
<!-- Generated by org.testng.reporters.JUnitReportReporter -->
<testsuite hostname="DESKTOP-P2BVMSV" failures="0" tests="1" name="tests.LogoutTest" time="7.985" errors="0" timestamp="2024-05-22T21:15:58 BDT" skipped="0">
  <testcase classname="tests.LogoutTest" name="Logout" time="7.985"/>
  <system-out/>
</testsuite> <!-- tests.LogoutTest -->
