<?xml version="1.0" encoding="UTF-8"?>
<!-- Generated by org.testng.reporters.JUnitReportReporter -->
<testsuite hostname="DESKTOP-P2BVMSV" failures="0" tests="1" name="tests.OrderTest" time="3.459" errors="0" timestamp="2024-05-22T21:15:58 BDT" skipped="0">
  <testcase classname="tests.OrderTest" name="OrderPage" time="3.459"/>
  <system-out/>
</testsuite> <!-- tests.OrderTest -->
