<?xml version="1.0" encoding="UTF-8"?>
<!-- Generated by org.testng.reporters.JUnitReportReporter -->
<testsuite hostname="DESKTOP-P2BVMSV" failures="0" tests="1" name="tests.LoginTest" time="14.847" errors="0" timestamp="2024-05-22T21:15:58 BDT" skipped="0">
  <testcase classname="tests.LoginTest" name="LoginPage" time="14.847"/>
  <system-out/>
</testsuite> <!-- tests.LoginTest -->
