<?xml version="1.0" encoding="UTF-8"?>
<!-- Generated by org.testng.reporters.JUnitReportReporter -->
<testsuite hostname="DESKTOP-P2BVMSV" failures="0" tests="1" name="tests.HomeTest" time="22.154" errors="0" timestamp="2024-05-22T21:15:58 BDT" skipped="0">
  <testcase classname="tests.HomeTest" name="HomePage" time="22.154"/>
  <system-out/>
</testsuite> <!-- tests.HomeTest -->
